  Collision.cpp
c:\users\hngochanh\onedrive\development\project\collision\checkcollision\collision.cpp(37): warning C4244: 'initializing': conversion from 'float' to 'int', possible loss of data
c:\users\hngochanh\onedrive\development\project\collision\checkcollision\collision.cpp(38): warning C4244: 'initializing': conversion from 'float' to 'int', possible loss of data
c:\users\hngochanh\onedrive\development\project\collision\checkcollision\collision.cpp(39): warning C4244: 'initializing': conversion from 'float' to 'int', possible loss of data
c:\users\hngochanh\onedrive\development\project\collision\checkcollision\collision.cpp(40): warning C4244: 'initializing': conversion from 'float' to 'int', possible loss of data
c:\users\hngochanh\onedrive\development\project\collision\checkcollision\collision.cpp(80): warning C4244: '=': conversion from 'float' to 'int', possible loss of data
c:\users\hngochanh\onedrive\development\project\collision\checkcollision\collision.cpp(81): warning C4244: '=': conversion from 'float' to 'int', possible loss of data
c:\users\hngochanh\onedrive\development\project\collision\checkcollision\collision.cpp(82): warning C4244: '=': conversion from 'float' to 'int', possible loss of data
c:\users\hngochanh\onedrive\development\project\collision\checkcollision\collision.cpp(85): warning C4244: '=': conversion from 'float' to 'int', possible loss of data
c:\users\hngochanh\onedrive\development\project\collision\checkcollision\collision.cpp(86): warning C4244: '=': conversion from 'float' to 'int', possible loss of data
c:\users\hngochanh\onedrive\development\project\collision\checkcollision\collision.cpp(87): warning C4244: '=': conversion from 'float' to 'int', possible loss of data
c:\users\hngochanh\onedrive\development\project\collision\checkcollision\collision.cpp(90): warning C4244: '=': conversion from 'float' to 'int', possible loss of data
c:\users\hngochanh\onedrive\development\project\collision\checkcollision\collision.cpp(91): warning C4244: '=': conversion from 'float' to 'int', possible loss of data
c:\users\hngochanh\onedrive\development\project\collision\checkcollision\collision.cpp(92): warning C4244: '=': conversion from 'float' to 'int', possible loss of data
c:\users\hngochanh\onedrive\development\project\collision\checkcollision\collision.cpp(95): warning C4244: '=': conversion from 'float' to 'int', possible loss of data
c:\users\hngochanh\onedrive\development\project\collision\checkcollision\collision.cpp(96): warning C4244: '=': conversion from 'float' to 'int', possible loss of data
c:\users\hngochanh\onedrive\development\project\collision\checkcollision\collision.cpp(97): warning C4244: '=': conversion from 'float' to 'int', possible loss of data
c:\users\hngochanh\onedrive\development\project\collision\checkcollision\collision.cpp(100): warning C4244: 'argument': conversion from 'int' to 'float', possible loss of data
  CheckCollision.vcxproj -> C:\Users\hngochanh\OneDrive\Development\Project\Collision\Debug\CheckCollision.exe
  CheckCollision.vcxproj -> C:\Users\hngochanh\OneDrive\Development\Project\Collision\Debug\CheckCollision.pdb (Full PDB)
